<?xml version="1.0" encoding="UTF-8"?>
<testsuite xmlns:xsi="http://www.w3.org/2001/XMLSchema-instance" xsi:noNamespaceSchemaLocation="https://maven.apache.org/surefire/maven-surefire-plugin/xsd/surefire-test-report-3.0.xsd" version="3.0" name="com.drawgame.room.repository.RedisRoomRepositoryTest" time="0.714" tests="5" errors="0" skipped="0" failures="0">
  <properties>
[...]
</properties>
  <testcase name="testCreateAndFindById" classname="com.drawgame.room.repository.RedisRoomRepositoryTest" time="0.149">
    <system-out><![CDATA[2026-08-17T00:17:15.838+07:00  INFO 1051317 --- [room-service] [           main] t.c.s.AnnotationConfigContextLoaderUtils : Could not detect default configuration classes for test class [com.drawgame.room.repository.RedisRoomRepositoryTest]: RedisRoomRepositoryTest does not declare any static, non-private, non-final, nested classes annotated with @Configuration.
2026-08-17T00:17:15.866+07:00  INFO 1051317 --- [room-service] [           main] .b.t.c.SpringBootTestContextBootstrapper : Found @SpringBootConfiguration com.drawgame.room.RoomServiceApplication for test class com.drawgame.room.repository.RedisRoomRepositoryTest
]]></system-out>
  </testcase>
  <testcase name="testConcurrentJoin" classname="com.drawgame.room.repository.RedisRoomRepositoryTest" time="0.32"/>
  <testcase name="testRemovePlayer" classname="com.drawgame.room.repository.RedisRoomRepositoryTest" time="0.086"/>
  <testcase name="testAddPlayer" classname="com.drawgame.room.repository.RedisRoomRepositoryTest" time="0.061"/>
  <testcase name="testExistsAndDelete" classname="com.drawgame.room.repository.RedisRoomRepositoryTest" time="0.028"/>
</testsuite>